orig:
1
orig obj: uSeb
custom:
0
orig:
1
orig obj: IChB
custom:
0
orig:
1
orig obj: C00D
custom:
0
orig:
0
custom:
90
custom obj: D000(IRcy)
custom obj: D010(NOfl)
custom obj: D020(ISar)
custom obj: D001(IRrs)
custom obj: D011(IOob)
custom obj: D021(ISar)
custom obj: D002(NWf3)
custom obj: D012(IOpr)
custom obj: D022(ISar)
custom obj: D003(IRgc)
custom obj: D013(CObl)
custom obj: D023(ISar)
custom obj: D004(IRrk)
custom obj: D014(JZif)
custom obj: D024(ISar)
custom obj: D005(IRgc)
custom obj: D015(YSw2)
custom obj: D025(ISar)
custom obj: D006(IWie)
custom obj: D016(YSw2)
custom obj: D026(ISar)
custom obj: D007(NObo)
custom obj: D017(GSah)
custom obj: D027(ISar)
custom obj: D008(IOss)
custom obj: D018(JZif)
custom obj: D028(ISar)
custom obj: D009(NOft)
custom obj: D019(IOst)
custom obj: D029(LOtz)
custom obj: D00A(NOfp)
custom obj: D01A(CObl)
custom obj: D02A(CObl)
custom obj: D00B(DOtp)
custom obj: D01B(CObl)
custom obj: D02B(DOkb)
custom obj: D00C(DOjp)
custom obj: D01C(KOst)
custom obj: D02C(IOch)
custom obj: D00D(LObr)
custom obj: D01D(CObl)
custom obj: D02D(IOch)
custom obj: D00E(LObz)
custom obj: D01E(IOpr)
custom obj: D02E(IOch)
custom obj: D00F(AObr)
custom obj: D01F(NOfl)
custom obj: D02F(IOch)
custom obj: D00G(YOec)
custom obj: D01G(NOfl)
custom obj: D02G(IOch)
custom obj: D00H(CSbc)
custom obj: D01H(IOpr)
custom obj: D02H(AOob)
custom obj: D00I(ISar)
custom obj: D01I(VOfs)
custom obj: D00J(DSp9)
custom obj: D01J(LOtr)
custom obj: D00K(LSst)
custom obj: D01K(ZOfp)
custom obj: D00L(LOsp)
custom obj: D01L(YOf2)
custom obj: D00M(IOch)
custom obj: D01M(YOtf)
custom obj: D00N(ISrb)
custom obj: D01N(KOdr)
custom obj: D00O(ASbr)
custom obj: D01O(XOmr)
custom obj: D00P(YOts)
custom obj: D01P(JOgr)
custom obj: D00Q(OOob)
custom obj: D01Q(ZOfp)
custom obj: D00R(DOkb)
custom obj: D01R(ISar)
custom obj: D00S(ZOtr)
custom obj: D01S(ISar)
custom obj: D00T(DObw)
custom obj: D01T(ISar)
custom obj: D00U(CObl)
custom obj: D01U(ISar)
custom obj: D00V(CObl)
custom obj: D01V(ISar)
custom obj: D00W(IRcy)
custom obj: D01W(ISar)
custom obj: D00X(IOsl)
custom obj: D01X(ISar)
custom obj: D00Y(KOst)
custom obj: D01Y(ISar)
custom obj: D00Z(YOst)
custom obj: D01Z(ISar)
orig:
88
orig obj: VEB0
orig obj: VRB0
orig obj: VWB0
orig obj: VSD0
orig obj: VML0
orig obj: VBR0
orig obj: VMR0
orig obj: VFS0
orig obj: VRc0
orig obj: VTe0
orig obj: VCo0
orig obj: VZo0
orig obj: VSB1
orig obj: VHD1
orig obj: VHN1
orig obj: VSP1
orig obj: VSR1
orig obj: VDS1
orig obj: VWS1
orig obj: VSa1
orig obj: VIn1
orig obj: VCp1
orig obj: VMB4
orig obj: VTB4
orig obj: VVE4
orig obj: VTL4
orig obj: VVO4
orig obj: VBS4
orig obj: VWS4
orig obj: VRV4
orig obj: VSg4
orig obj: VSi4
orig obj: bSMB
orig obj: AMaB
orig obj: ASaB
orig obj: AWaB
orig obj: AIcB
orig obj: AChB
orig obj: AFiB
orig obj: ASiB
orig obj: bEmB
orig obj: bInB
orig obj: AArB
orig obj: AEmC
orig obj: ASlD
orig obj: AHeE
orig obj: AViE
orig obj: ASuG
orig obj: AMaL
orig obj: ATaL
orig obj: AWaM
orig obj: AViM
orig obj: AHoN
orig obj: bHoN
orig obj: AdSR
orig obj: AiSR
orig obj: AWBS
orig obj: ABaS
orig obj: AFaS
orig obj: ADeS
orig obj: bDeS
orig obj: ATeS
orig obj: AGhS
orig obj: AWhS
orig obj: AFrS
orig obj: AFlT
orig obj: ARwV
orig obj: AWac
orig obj: ARec
orig obj: AIfc
orig obj: AZod
orig obj: AdLf
orig obj: AiLf
orig obj: bInf
orig obj: AWSh
orig obj: AVom
orig obj: AdMn
orig obj: AiMn
orig obj: ACon
orig obj: AHop
orig obj: ACrp
orig obj: bCrp
orig obj: ABar
orig obj: bBat
orig obj: AThu
orig obj: ASev
orig obj: ARaz
orig obj: ABlz
custom:
0
orig:
0
custom:
1
custom obj: R000(Rhla)
orig:
1
orig obj: uSeb
custom:
0
orig:
1
orig obj: IChB
custom:
0
orig:
1
orig obj: C00D
custom:
0
orig:
0
custom:
90
custom obj: D000(IRcy)
custom obj: D010(NOfl)
custom obj: D020(ISar)
custom obj: D001(IRrs)
custom obj: D011(IOob)
custom obj: D021(ISar)
custom obj: D002(NWf3)
custom obj: D012(IOpr)
custom obj: D022(ISar)
custom obj: D003(IRgc)
custom obj: D013(CObl)
custom obj: D023(ISar)
custom obj: D004(IRrk)
custom obj: D014(JZif)
custom obj: D024(ISar)
custom obj: D005(IRgc)
custom obj: D015(YSw2)
custom obj: D025(ISar)
custom obj: D006(IWie)
custom obj: D016(YSw2)
custom obj: D026(ISar)
custom obj: D007(NObo)
custom obj: D017(GSah)
custom obj: D027(ISar)
custom obj: D008(IOss)
custom obj: D018(JZif)
custom obj: D028(ISar)
custom obj: D009(NOft)
custom obj: D019(IOst)
custom obj: D029(LOtz)
custom obj: D00A(NOfp)
custom obj: D01A(CObl)
custom obj: D02A(CObl)
custom obj: D00B(DOtp)
custom obj: D01B(CObl)
custom obj: D02B(DOkb)
custom obj: D00C(DOjp)
custom obj: D01C(KOst)
custom obj: D02C(IOch)
custom obj: D00D(LObr)
custom obj: D01D(CObl)
custom obj: D02D(IOch)
custom obj: D00E(LObz)
custom obj: D01E(IOpr)
custom obj: D02E(IOch)
custom obj: D00F(AObr)
custom obj: D01F(NOfl)
custom obj: D02F(IOch)
custom obj: D00G(YOec)
custom obj: D01G(NOfl)
custom obj: D02G(IOch)
custom obj: D00H(CSbc)
custom obj: D01H(IOpr)
custom obj: D02H(AOob)
custom obj: D00I(ISar)
custom obj: D01I(VOfs)
custom obj: D00J(DSp9)
custom obj: D01J(LOtr)
custom obj: D00K(LSst)
custom obj: D01K(ZOfp)
custom obj: D00L(LOsp)
custom obj: D01L(YOf2)
custom obj: D00M(IOch)
custom obj: D01M(YOtf)
custom obj: D00N(ISrb)
custom obj: D01N(KOdr)
custom obj: D00O(ASbr)
custom obj: D01O(XOmr)
custom obj: D00P(YOts)
custom obj: D01P(JOgr)
custom obj: D00Q(OOob)
custom obj: D01Q(ZOfp)
custom obj: D00R(DOkb)
custom obj: D01R(ISar)
custom obj: D00S(ZOtr)
custom obj: D01S(ISar)
custom obj: D00T(DObw)
custom obj: D01T(ISar)
custom obj: D00U(CObl)
custom obj: D01U(ISar)
custom obj: D00V(CObl)
custom obj: D01V(ISar)
custom obj: D00W(IRcy)
custom obj: D01W(ISar)
custom obj: D00X(IOsl)
custom obj: D01X(ISar)
custom obj: D00Y(KOst)
custom obj: D01Y(ISar)
custom obj: D00Z(YOst)
custom obj: D01Z(ISar)
orig:
88
orig obj: VEB0
orig obj: VRB0
orig obj: VWB0
orig obj: VSD0
orig obj: VML0
orig obj: VBR0
orig obj: VMR0
orig obj: VFS0
orig obj: VRc0
orig obj: VTe0
orig obj: VCo0
orig obj: VZo0
orig obj: VSB1
orig obj: VHD1
orig obj: VHN1
orig obj: VSP1
orig obj: VSR1
orig obj: VDS1
orig obj: VWS1
orig obj: VSa1
orig obj: VIn1
orig obj: VCp1
orig obj: VMB4
orig obj: VTB4
orig obj: VVE4
orig obj: VTL4
orig obj: VVO4
orig obj: VBS4
orig obj: VWS4
orig obj: VRV4
orig obj: VSg4
orig obj: VSi4
orig obj: bSMB
orig obj: AMaB
orig obj: ASaB
orig obj: AWaB
orig obj: AIcB
orig obj: AChB
orig obj: AFiB
orig obj: ASiB
orig obj: bEmB
orig obj: bInB
orig obj: AArB
orig obj: AEmC
orig obj: ASlD
orig obj: AHeE
orig obj: AViE
orig obj: ASuG
orig obj: AMaL
orig obj: ATaL
orig obj: AWaM
orig obj: AViM
orig obj: AHoN
orig obj: bHoN
orig obj: AdSR
orig obj: AiSR
orig obj: AWBS
orig obj: ABaS
orig obj: AFaS
orig obj: ADeS
orig obj: bDeS
orig obj: ATeS
orig obj: AGhS
orig obj: AWhS
orig obj: AFrS
orig obj: AFlT
orig obj: ARwV
orig obj: AWac
orig obj: ARec
orig obj: AIfc
orig obj: AZod
orig obj: AdLf
orig obj: AiLf
orig obj: bInf
orig obj: AWSh
orig obj: AVom
orig obj: AdMn
orig obj: AiMn
orig obj: ACon
orig obj: AHop
orig obj: ACrp
orig obj: bCrp
orig obj: ABar
orig obj: bBat
orig obj: AThu
orig obj: ASev
orig obj: ARaz
orig obj: ABlz
custom:
0
orig:
0
custom:
1
custom obj: R000(Rhla)
orig:
1
orig obj: uSeb
custom:
0
orig:
1
orig obj: IChB
custom:
0
orig:
1
orig obj: C00D
custom:
0
orig:
0
custom:
90
custom obj: D000(IRcy)
custom obj: D010(NOfl)
custom obj: D020(ISar)
custom obj: D001(IRrs)
custom obj: D011(IOob)
custom obj: D021(ISar)
custom obj: D002(NWf3)
custom obj: D012(IOpr)
custom obj: D022(ISar)
custom obj: D003(IRgc)
custom obj: D013(CObl)
custom obj: D023(ISar)
custom obj: D004(IRrk)
custom obj: D014(JZif)
custom obj: D024(ISar)
custom obj: D005(IRgc)
custom obj: D015(YSw2)
custom obj: D025(ISar)
custom obj: D006(IWie)
custom obj: D016(YSw2)
custom obj: D026(ISar)
custom obj: D007(NObo)
custom obj: D017(GSah)
custom obj: D027(ISar)
custom obj: D008(IOss)
custom obj: D018(JZif)
custom obj: D028(ISar)
custom obj: D009(NOft)
custom obj: D019(IOst)
custom obj: D029(LOtz)
custom obj: D00A(NOfp)
custom obj: D01A(CObl)
custom obj: D02A(CObl)
custom obj: D00B(DOtp)
custom obj: D01B(CObl)
custom obj: D02B(DOkb)
custom obj: D00C(DOjp)
custom obj: D01C(KOst)
custom obj: D02C(IOch)
custom obj: D00D(LObr)
custom obj: D01D(CObl)
custom obj: D02D(IOch)
custom obj: D00E(LObz)
custom obj: D01E(IOpr)
custom obj: D02E(IOch)
custom obj: D00F(AObr)
custom obj: D01F(NOfl)
custom obj: D02F(IOch)
custom obj: D00G(YOec)
custom obj: D01G(NOfl)
custom obj: D02G(IOch)
custom obj: D00H(CSbc)
custom obj: D01H(IOpr)
custom obj: D02H(AOob)
custom obj: D00I(ISar)
custom obj: D01I(VOfs)
custom obj: D00J(DSp9)
custom obj: D01J(LOtr)
custom obj: D00K(LSst)
custom obj: D01K(ZOfp)
custom obj: D00L(LOsp)
custom obj: D01L(YOf2)
custom obj: D00M(IOch)
custom obj: D01M(YOtf)
custom obj: D00N(ISrb)
custom obj: D01N(KOdr)
custom obj: D00O(ASbr)
custom obj: D01O(XOmr)
custom obj: D00P(YOts)
custom obj: D01P(JOgr)
custom obj: D00Q(OOob)
custom obj: D01Q(ZOfp)
custom obj: D00R(DOkb)
custom obj: D01R(ISar)
custom obj: D00S(ZOtr)
custom obj: D01S(ISar)
custom obj: D00T(DObw)
custom obj: D01T(ISar)
custom obj: D00U(CObl)
custom obj: D01U(ISar)
custom obj: D00V(CObl)
custom obj: D01V(ISar)
custom obj: D00W(IRcy)
custom obj: D01W(ISar)
custom obj: D00X(IOsl)
custom obj: D01X(ISar)
custom obj: D00Y(KOst)
custom obj: D01Y(ISar)
custom obj: D00Z(YOst)
custom obj: D01Z(ISar)
orig:
88
orig obj: VEB0
orig obj: VRB0
orig obj: VWB0
orig obj: VSD0
orig obj: VML0
orig obj: VBR0
orig obj: VMR0
orig obj: VFS0
orig obj: VRc0
orig obj: VTe0
orig obj: VCo0
orig obj: VZo0
orig obj: VSB1
orig obj: VHD1
orig obj: VHN1
orig obj: VSP1
orig obj: VSR1
orig obj: VDS1
orig obj: VWS1
orig obj: VSa1
orig obj: VIn1
orig obj: VCp1
orig obj: VMB4
orig obj: VTB4
orig obj: VVE4
orig obj: VTL4
orig obj: VVO4
orig obj: VBS4
orig obj: VWS4
orig obj: VRV4
orig obj: VSg4
orig obj: VSi4
orig obj: bSMB
orig obj: AMaB
orig obj: ASaB
orig obj: AWaB
orig obj: AIcB
orig obj: AChB
orig obj: AFiB
orig obj: ASiB
orig obj: bEmB
orig obj: bInB
orig obj: AArB
orig obj: AEmC
orig obj: ASlD
orig obj: AHeE
orig obj: AViE
orig obj: ASuG
orig obj: AMaL
orig obj: ATaL
orig obj: AWaM
orig obj: AViM
orig obj: AHoN
orig obj: bHoN
orig obj: AdSR
orig obj: AiSR
orig obj: AWBS
orig obj: ABaS
orig obj: AFaS
orig obj: ADeS
orig obj: bDeS
orig obj: ATeS
orig obj: AGhS
orig obj: AWhS
orig obj: AFrS
orig obj: AFlT
orig obj: ARwV
orig obj: AWac
orig obj: ARec
orig obj: AIfc
orig obj: AZod
orig obj: AdLf
orig obj: AiLf
orig obj: bInf
orig obj: AWSh
orig obj: AVom
orig obj: AdMn
orig obj: AiMn
orig obj: ACon
orig obj: AHop
orig obj: ACrp
orig obj: bCrp
orig obj: ABar
orig obj: bBat
orig obj: AThu
orig obj: ASev
orig obj: ARaz
orig obj: ABlz
custom:
0
orig:
0
custom:
1
custom obj: R000(Rhla)
orig:
1
orig obj: uSeb
custom:
0
orig:
1
orig obj: IChB
custom:
0
orig:
1
orig obj: C00D
custom:
0
orig:
0
custom:
90
custom obj: D000(IRcy)
custom obj: D010(NOfl)
custom obj: D020(ISar)
custom obj: D001(IRrs)
custom obj: D011(IOob)
custom obj: D021(ISar)
custom obj: D002(NWf3)
custom obj: D012(IOpr)
custom obj: D022(ISar)
custom obj: D003(IRgc)
custom obj: D013(CObl)
custom obj: D023(ISar)
custom obj: D004(IRrk)
custom obj: D014(JZif)
custom obj: D024(ISar)
custom obj: D005(IRgc)
custom obj: D015(YSw2)
custom obj: D025(ISar)
custom obj: D006(IWie)
custom obj: D016(YSw2)
custom obj: D026(ISar)
custom obj: D007(NObo)
custom obj: D017(GSah)
custom obj: D027(ISar)
custom obj: D008(IOss)
custom obj: D018(JZif)
custom obj: D028(ISar)
custom obj: D009(NOft)
custom obj: D019(IOst)
custom obj: D029(LOtz)
custom obj: D00A(NOfp)
custom obj: D01A(CObl)
custom obj: D02A(CObl)
custom obj: D00B(DOtp)
custom obj: D01B(CObl)
custom obj: D02B(DOkb)
custom obj: D00C(DOjp)
custom obj: D01C(KOst)
custom obj: D02C(IOch)
custom obj: D00D(LObr)
custom obj: D01D(CObl)
custom obj: D02D(IOch)
custom obj: D00E(LObz)
custom obj: D01E(IOpr)
custom obj: D02E(IOch)
custom obj: D00F(AObr)
custom obj: D01F(NOfl)
custom obj: D02F(IOch)
custom obj: D00G(YOec)
custom obj: D01G(NOfl)
custom obj: D02G(IOch)
custom obj: D00H(CSbc)
custom obj: D01H(IOpr)
custom obj: D02H(AOob)
custom obj: D00I(ISar)
custom obj: D01I(VOfs)
custom obj: D00J(DSp9)
custom obj: D01J(LOtr)
custom obj: D00K(LSst)
custom obj: D01K(ZOfp)
custom obj: D00L(LOsp)
custom obj: D01L(YOf2)
custom obj: D00M(IOch)
custom obj: D01M(YOtf)
custom obj: D00N(ISrb)
custom obj: D01N(KOdr)
custom obj: D00O(ASbr)
custom obj: D01O(XOmr)
custom obj: D00P(YOts)
custom obj: D01P(JOgr)
custom obj: D00Q(OOob)
custom obj: D01Q(ZOfp)
custom obj: D00R(DOkb)
custom obj: D01R(ISar)
custom obj: D00S(ZOtr)
custom obj: D01S(ISar)
custom obj: D00T(DObw)
custom obj: D01T(ISar)
custom obj: D00U(CObl)
custom obj: D01U(ISar)
custom obj: D00V(CObl)
custom obj: D01V(ISar)
custom obj: D00W(IRcy)
custom obj: D01W(ISar)
custom obj: D00X(IOsl)
custom obj: D01X(ISar)
custom obj: D00Y(KOst)
custom obj: D01Y(ISar)
custom obj: D00Z(YOst)
custom obj: D01Z(ISar)
orig:
88
orig obj: VEB0
orig obj: VRB0
orig obj: VWB0
orig obj: VSD0
orig obj: VML0
orig obj: VBR0
orig obj: VMR0
orig obj: VFS0
orig obj: VRc0
orig obj: VTe0
orig obj: VCo0
orig obj: VZo0
orig obj: VSB1
orig obj: VHD1
orig obj: VHN1
orig obj: VSP1
orig obj: VSR1
orig obj: VDS1
orig obj: VWS1
orig obj: VSa1
orig obj: VIn1
orig obj: VCp1
orig obj: VMB4
orig obj: VTB4
orig obj: VVE4
orig obj: VTL4
orig obj: VVO4
orig obj: VBS4
orig obj: VWS4
orig obj: VRV4
orig obj: VSg4
orig obj: VSi4
orig obj: bSMB
orig obj: AMaB
orig obj: ASaB
orig obj: AWaB
orig obj: AIcB
orig obj: AChB
orig obj: AFiB
orig obj: ASiB
orig obj: bEmB
orig obj: bInB
orig obj: AArB
orig obj: AEmC
orig obj: ASlD
orig obj: AHeE
orig obj: AViE
orig obj: ASuG
orig obj: AMaL
orig obj: ATaL
orig obj: AWaM
orig obj: AViM
orig obj: AHoN
orig obj: bHoN
orig obj: AdSR
orig obj: AiSR
orig obj: AWBS
orig obj: ABaS
orig obj: AFaS
orig obj: ADeS
orig obj: bDeS
orig obj: ATeS
orig obj: AGhS
orig obj: AWhS
orig obj: AFrS
orig obj: AFlT
orig obj: ARwV
orig obj: AWac
orig obj: ARec
orig obj: AIfc
orig obj: AZod
orig obj: AdLf
orig obj: AiLf
orig obj: bInf
orig obj: AWSh
orig obj: AVom
orig obj: AdMn
orig obj: AiMn
orig obj: ACon
orig obj: AHop
orig obj: ACrp
orig obj: bCrp
orig obj: ABar
orig obj: bBat
orig obj: AThu
orig obj: ASev
orig obj: ARaz
orig obj: ABlz
custom:
0
orig:
0
custom:
1
custom obj: R000(Rhla)
orig:
1
orig obj: uSeb
custom:
0
orig:
1
orig obj: IChB
custom:
0
orig:
1
orig obj: C00D
custom:
0
orig:
0
custom:
90
custom obj: D000(IRcy)
custom obj: D010(NOfl)
custom obj: D020(ISar)
custom obj: D001(IRrs)
custom obj: D011(IOob)
custom obj: D021(ISar)
custom obj: D002(NWf3)
custom obj: D012(IOpr)
custom obj: D022(ISar)
custom obj: D003(IRgc)
custom obj: D013(CObl)
custom obj: D023(ISar)
custom obj: D004(IRrk)
custom obj: D014(JZif)
custom obj: D024(ISar)
custom obj: D005(IRgc)
custom obj: D015(YSw2)
custom obj: D025(ISar)
custom obj: D006(IWie)
custom obj: D016(YSw2)
custom obj: D026(ISar)
custom obj: D007(NObo)
custom obj: D017(GSah)
custom obj: D027(ISar)
custom obj: D008(IOss)
custom obj: D018(JZif)
custom obj: D028(ISar)
custom obj: D009(NOft)
custom obj: D019(IOst)
custom obj: D029(LOtz)
custom obj: D00A(NOfp)
custom obj: D01A(CObl)
custom obj: D02A(CObl)
custom obj: D00B(DOtp)
custom obj: D01B(CObl)
custom obj: D02B(DOkb)
custom obj: D00C(DOjp)
custom obj: D01C(KOst)
custom obj: D02C(IOch)
custom obj: D00D(LObr)
custom obj: D01D(CObl)
custom obj: D02D(IOch)
custom obj: D00E(LObz)
custom obj: D01E(IOpr)
custom obj: D02E(IOch)
custom obj: D00F(AObr)
custom obj: D01F(NOfl)
custom obj: D02F(IOch)
custom obj: D00G(YOec)
custom obj: D01G(NOfl)
custom obj: D02G(IOch)
custom obj: D00H(CSbc)
custom obj: D01H(IOpr)
custom obj: D02H(AOob)
custom obj: D00I(ISar)
custom obj: D01I(VOfs)
custom obj: D00J(DSp9)
custom obj: D01J(LOtr)
custom obj: D00K(LSst)
custom obj: D01K(ZOfp)
custom obj: D00L(LOsp)
custom obj: D01L(YOf2)
custom obj: D00M(IOch)
custom obj: D01M(YOtf)
custom obj: D00N(ISrb)
custom obj: D01N(KOdr)
custom obj: D00O(ASbr)
custom obj: D01O(XOmr)
custom obj: D00P(YOts)
custom obj: D01P(JOgr)
custom obj: D00Q(OOob)
custom obj: D01Q(ZOfp)
custom obj: D00R(DOkb)
custom obj: D01R(ISar)
custom obj: D00S(ZOtr)
custom obj: D01S(ISar)
custom obj: D00T(DObw)
custom obj: D01T(ISar)
custom obj: D00U(CObl)
custom obj: D01U(ISar)
custom obj: D00V(CObl)
custom obj: D01V(ISar)
custom obj: D00W(IRcy)
custom obj: D01W(ISar)
custom obj: D00X(IOsl)
custom obj: D01X(ISar)
custom obj: D00Y(KOst)
custom obj: D01Y(ISar)
custom obj: D00Z(YOst)
custom obj: D01Z(ISar)
orig:
88
orig obj: VEB0
orig obj: VRB0
orig obj: VWB0
orig obj: VSD0
orig obj: VML0
orig obj: VBR0
orig obj: VMR0
orig obj: VFS0
orig obj: VRc0
orig obj: VTe0
orig obj: VCo0
orig obj: VZo0
orig obj: VSB1
orig obj: VHD1
orig obj: VHN1
orig obj: VSP1
orig obj: VSR1
orig obj: VDS1
orig obj: VWS1
orig obj: VSa1
orig obj: VIn1
orig obj: VCp1
orig obj: VMB4
orig obj: VTB4
orig obj: VVE4
orig obj: VTL4
orig obj: VVO4
orig obj: VBS4
orig obj: VWS4
orig obj: VRV4
orig obj: VSg4
orig obj: VSi4
orig obj: bSMB
orig obj: AMaB
orig obj: ASaB
orig obj: AWaB
orig obj: AIcB
orig obj: AChB
orig obj: AFiB
orig obj: ASiB
orig obj: bEmB
orig obj: bInB
orig obj: AArB
orig obj: AEmC
orig obj: ASlD
orig obj: AHeE
orig obj: AViE
orig obj: ASuG
orig obj: AMaL
orig obj: ATaL
orig obj: AWaM
orig obj: AViM
orig obj: AHoN
orig obj: bHoN
orig obj: AdSR
orig obj: AiSR
orig obj: AWBS
orig obj: ABaS
orig obj: AFaS
orig obj: ADeS
orig obj: bDeS
orig obj: ATeS
orig obj: AGhS
orig obj: AWhS
orig obj: AFrS
orig obj: AFlT
orig obj: ARwV
orig obj: AWac
orig obj: ARec
orig obj: AIfc
orig obj: AZod
orig obj: AdLf
orig obj: AiLf
orig obj: bInf
orig obj: AWSh
orig obj: AVom
orig obj: AdMn
orig obj: AiMn
orig obj: ACon
orig obj: AHop
orig obj: ACrp
orig obj: bCrp
orig obj: ABar
orig obj: bBat
orig obj: AThu
orig obj: ASev
orig obj: ARaz
orig obj: ABlz
custom:
0
orig:
0
custom:
1
custom obj: R000(Rhla)
